1713787703218|starting client component.
1713787703244|Client component waiting.......
1713787706749|Waiting 10099000000 ns before starting the client component.
1713787716858|Client  component starting...
1713787720855|Async request sent to node node4 with URI req2 at 2024-04-22T12:08:40.855461Z
1713787720866|Received result for request with URI req2 at 2024-04-22T12:08:40.866457800Z
1713787720866|Received result for request with URI req2 at 2024-04-22T12:08:40.865456100Z
1713787720866|Received result for request with URI req2 at 2024-04-22T12:08:40.866457800Z
1713787720866|Received result for request with URI req2 at 2024-04-22T12:08:40.866457800Z
1713787720866|Received result for request with URI req2 at 2024-04-22T12:08:40.866457800Z
1713787720867|Received result for request with URI req2 at 2024-04-22T12:08:40.867457400Z
1713787720868|Received result for request with URI req2 at 2024-04-22T12:08:40.868458800Z
1713787720868|Received result for request with URI req2 at 2024-04-22T12:08:40.868458800Z
1713787720868|Received result for request with URI req2 at 2024-04-22T12:08:40.868458800Z
1713787720869|Received result for request with URI req2 at 2024-04-22T12:08:40.868458800Z
1713787720869|Received result for request with URI req2 at 2024-04-22T12:08:40.868458800Z
1713787720870|Received result for request with URI req2 at 2024-04-22T12:08:40.870987300Z
1713787720872|Received result for request with URI req2 at 2024-04-22T12:08:40.872019400Z
1713787720919|Gathered size : 26 for request with URI req1
1713787720921|SYNC Query result, sent at : 2024-04-22T12:08:40.919575300Z , URI : req1 : 
Gathered Sensors:--->| ↓ 
  |--- **************************
SensorDataIMP [nodeIdentifier=urinode4
 sensorIdentifier=humidity
 value=22.0]

  |--- **************************
SensorDataIMP [nodeIdentifier=urinode4
 sensorIdentifier=temperature
 value=21.0]

  |--- **************************
SensorDataIMP [nodeIdentifier=urinode2
 sensorIdentifier=humidity
 value=52.0]

  |--- **************************
SensorDataIMP [nodeIdentifier=urinode2
 sensorIdentifier=temperature
 value=51.0]

  |--- **************************
SensorDataIMP [nodeIdentifier=urinode5
 sensorIdentifier=humidity
 value=72.0]

  |--- **************************
SensorDataIMP [nodeIdentifier=urinode5
 sensorIdentifier=temperature
 value=71.0]

  |--- **************************
SensorDataIMP [nodeIdentifier=urinode7
 sensorIdentifier=humidity
 value=42.0]

  |--- **************************
SensorDataIMP [nodeIdentifier=urinode7
 sensorIdentifier=temperature
 value=41.0]

  |--- **************************
SensorDataIMP [nodeIdentifier=urinode10
 sensorIdentifier=humidity
 value=62.0]

  |--- **************************
SensorDataIMP [nodeIdentifier=urinode10
 sensorIdentifier=temperature
 value=61.0]

  |--- **************************
SensorDataIMP [nodeIdentifier=urinode12
 sensorIdentifier=humidity
 value=32.0]

  |--- **************************
SensorDataIMP [nodeIdentifier=urinode12
 sensorIdentifier=temperature
 value=31.0]

  |--- **************************
SensorDataIMP [nodeIdentifier=urinode9
 sensorIdentifier=humidity
 value=12.0]

  |--- **************************
SensorDataIMP [nodeIdentifier=urinode9
 sensorIdentifier=temperature
 value=11.0]

  |--- **************************
SensorDataIMP [nodeIdentifier=urinode11
 sensorIdentifier=humidity
 value=112.0]

  |--- **************************
SensorDataIMP [nodeIdentifier=urinode11
 sensorIdentifier=temperature
 value=111.0]

  |--- **************************
SensorDataIMP [nodeIdentifier=urinode6
 sensorIdentifier=humidity
 value=122.0]

  |--- **************************
SensorDataIMP [nodeIdentifier=urinode6
 sensorIdentifier=temperature
 value=121.0]

  |--- **************************
SensorDataIMP [nodeIdentifier=urinode8
 sensorIdentifier=humidity
 value=92.0]

  |--- **************************
SensorDataIMP [nodeIdentifier=urinode8
 sensorIdentifier=temperature
 value=91.0]

  |--- **************************
SensorDataIMP [nodeIdentifier=urinode13
 sensorIdentifier=humidity
 value=82.0]

  |--- **************************
SensorDataIMP [nodeIdentifier=urinode13
 sensorIdentifier=temperature
 value=81.0]

  |--- **************************
SensorDataIMP [nodeIdentifier=urinode3
 sensorIdentifier=humidity
 value=102.0]

  |--- **************************
SensorDataIMP [nodeIdentifier=urinode3
 sensorIdentifier=temperature
 value=101.0]

  |--- **************************
SensorDataIMP [nodeIdentifier=urinode1
 sensorIdentifier=humidity
 value=2.0]

  |--- **************************
SensorDataIMP [nodeIdentifier=urinode1
 sensorIdentifier=temperature
 value=1.0]


1713787721859|Gathered size : 16 for request with URI req3
1713787721859|SYNC Query result, sent at : 2024-04-22T12:08:41.859601900Z , URI : req3 : 
Gathered Sensors:--->| ↓ 
  |--- **************************
SensorDataIMP [nodeIdentifier=urinode4
 sensorIdentifier=humidity
 value=22.0]

  |--- **************************
SensorDataIMP [nodeIdentifier=urinode4
 sensorIdentifier=temperature
 value=21.0]

  |--- **************************
SensorDataIMP [nodeIdentifier=urinode2
 sensorIdentifier=humidity
 value=52.0]

  |--- **************************
SensorDataIMP [nodeIdentifier=urinode2
 sensorIdentifier=temperature
 value=51.0]

  |--- **************************
SensorDataIMP [nodeIdentifier=urinode5
 sensorIdentifier=humidity
 value=72.0]

  |--- **************************
SensorDataIMP [nodeIdentifier=urinode5
 sensorIdentifier=temperature
 value=71.0]

  |--- **************************
SensorDataIMP [nodeIdentifier=urinode8
 sensorIdentifier=humidity
 value=92.0]

  |--- **************************
SensorDataIMP [nodeIdentifier=urinode8
 sensorIdentifier=temperature
 value=91.0]

  |--- **************************
SensorDataIMP [nodeIdentifier=urinode13
 sensorIdentifier=humidity
 value=82.0]

  |--- **************************
SensorDataIMP [nodeIdentifier=urinode13
 sensorIdentifier=temperature
 value=81.0]

  |--- **************************
SensorDataIMP [nodeIdentifier=urinode3
 sensorIdentifier=humidity
 value=102.0]

  |--- **************************
SensorDataIMP [nodeIdentifier=urinode3
 sensorIdentifier=temperature
 value=101.0]

  |--- **************************
SensorDataIMP [nodeIdentifier=urinode7
 sensorIdentifier=humidity
 value=42.0]

  |--- **************************
SensorDataIMP [nodeIdentifier=urinode7
 sensorIdentifier=temperature
 value=41.0]

  |--- **************************
SensorDataIMP [nodeIdentifier=urinode10
 sensorIdentifier=humidity
 value=62.0]

  |--- **************************
SensorDataIMP [nodeIdentifier=urinode10
 sensorIdentifier=temperature
 value=61.0]


1713787722350|Async request sent to node node4 with URI req4 at 2024-04-22T12:08:42.350082900Z
1713787722351|Received result for request with URI req4 at 2024-04-22T12:08:42.351075900Z
1713787722351|Received result for request with URI req4 at 2024-04-22T12:08:42.351075900Z
1713787722352|Received result for request with URI req4 at 2024-04-22T12:08:42.352076300Z
1713787722352|Received result for request with URI req4 at 2024-04-22T12:08:42.352076300Z
1713787722353|Received result for request with URI req4 at 2024-04-22T12:08:42.352076300Z
1713787722353|Received result for request with URI req4 at 2024-04-22T12:08:42.353078200Z
1713787722353|Received result for request with URI req4 at 2024-04-22T12:08:42.353078200Z
1713787722353|Received result for request with URI req4 at 2024-04-22T12:08:42.353078200Z
1713787722849|Async request sent to node node4 with URI req7 at 2024-04-22T12:08:42.849141600Z
1713787722850|Async request sent to node node4 with URI req8 at 2024-04-22T12:08:42.850141700Z
1713787722851|Received result for request with URI req8 at 2024-04-22T12:08:42.851144200Z
1713787722852|Received result for request with URI req8 at 2024-04-22T12:08:42.852147100Z
1713787722852|Received result for request with URI req8 at 2024-04-22T12:08:42.852147100Z
1713787722852|Received result for request with URI req8 at 2024-04-22T12:08:42.852147100Z
1713787722853|Received result for request with URI req8 at 2024-04-22T12:08:42.853144800Z
1713787722853|Received result for request with URI req8 at 2024-04-22T12:08:42.853144800Z
1713787722853|Received result for request with URI req8 at 2024-04-22T12:08:42.853144800Z
1713787722855|Received result for request with URI req8 at 2024-04-22T12:08:42.855151Z
1713787722855|Received result for request with URI req7 at 2024-04-22T12:08:42.855151Z
1713787722855|Received result for request with URI req7 at 2024-04-22T12:08:42.855151Z
1713787722857|Received result for request with URI req7 at 2024-04-22T12:08:42.856141500Z
1713787722857|Received result for request with URI req7 at 2024-04-22T12:08:42.856141500Z
1713787722857|Received result for request with URI req7 at 2024-04-22T12:08:42.855151Z
1713787722858|Received result for request with URI req7 at 2024-04-22T12:08:42.858142400Z
1713787722858|Received result for request with URI req7 at 2024-04-22T12:08:42.858142400Z
1713787722858|Received result for request with URI req7 at 2024-04-22T12:08:42.858142400Z
1713787722859|Received result for request with URI req7 at 2024-04-22T12:08:42.859144400Z
1713787722859|Received result for request with URI req7 at 2024-04-22T12:08:42.859144400Z
1713787722859|Received result for request with URI req7 at 2024-04-22T12:08:42.859144400Z
1713787722859|Received result for request with URI req7 at 2024-04-22T12:08:42.859144400Z
1713787722859|Received result for request with URI req7 at 2024-04-22T12:08:42.859144400Z
1713787740851|Gathered size : 26
1713787740852|ASYNC Final Query result , received at : 2024-04-22T12:09:00.852816100Z , URI : req2 : 
Gathered Sensors:--->| ↓ 
  |--- **************************
SensorDataIMP [nodeIdentifier=urinode4
 sensorIdentifier=humidity
 value=22.0]

  |--- **************************
SensorDataIMP [nodeIdentifier=urinode4
 sensorIdentifier=temperature
 value=21.0]

  |--- **************************
SensorDataIMP [nodeIdentifier=urinode6
 sensorIdentifier=humidity
 value=122.0]

  |--- **************************
SensorDataIMP [nodeIdentifier=urinode6
 sensorIdentifier=temperature
 value=121.0]

  |--- **************************
SensorDataIMP [nodeIdentifier=urinode2
 sensorIdentifier=humidity
 value=52.0]

  |--- **************************
SensorDataIMP [nodeIdentifier=urinode2
 sensorIdentifier=temperature
 value=51.0]

  |--- **************************
SensorDataIMP [nodeIdentifier=urinode1
 sensorIdentifier=humidity
 value=2.0]

  |--- **************************
SensorDataIMP [nodeIdentifier=urinode1
 sensorIdentifier=temperature
 value=1.0]

  |--- **************************
SensorDataIMP [nodeIdentifier=urinode7
 sensorIdentifier=humidity
 value=42.0]

  |--- **************************
SensorDataIMP [nodeIdentifier=urinode7
 sensorIdentifier=temperature
 value=41.0]

  |--- **************************
SensorDataIMP [nodeIdentifier=urinode9
 sensorIdentifier=humidity
 value=12.0]

  |--- **************************
SensorDataIMP [nodeIdentifier=urinode9
 sensorIdentifier=temperature
 value=11.0]

  |--- **************************
SensorDataIMP [nodeIdentifier=urinode11
 sensorIdentifier=humidity
 value=112.0]

  |--- **************************
SensorDataIMP [nodeIdentifier=urinode11
 sensorIdentifier=temperature
 value=111.0]

  |--- **************************
SensorDataIMP [nodeIdentifier=urinode10
 sensorIdentifier=humidity
 value=62.0]

  |--- **************************
SensorDataIMP [nodeIdentifier=urinode10
 sensorIdentifier=temperature
 value=61.0]

  |--- **************************
SensorDataIMP [nodeIdentifier=urinode5
 sensorIdentifier=humidity
 value=72.0]

  |--- **************************
SensorDataIMP [nodeIdentifier=urinode5
 sensorIdentifier=temperature
 value=71.0]

  |--- **************************
SensorDataIMP [nodeIdentifier=urinode12
 sensorIdentifier=humidity
 value=32.0]

  |--- **************************
SensorDataIMP [nodeIdentifier=urinode12
 sensorIdentifier=temperature
 value=31.0]

  |--- **************************
SensorDataIMP [nodeIdentifier=urinode13
 sensorIdentifier=humidity
 value=82.0]

  |--- **************************
SensorDataIMP [nodeIdentifier=urinode13
 sensorIdentifier=temperature
 value=81.0]

  |--- **************************
SensorDataIMP [nodeIdentifier=urinode8
 sensorIdentifier=humidity
 value=92.0]

  |--- **************************
SensorDataIMP [nodeIdentifier=urinode8
 sensorIdentifier=temperature
 value=91.0]

  |--- **************************
SensorDataIMP [nodeIdentifier=urinode3
 sensorIdentifier=humidity
 value=102.0]

  |--- **************************
SensorDataIMP [nodeIdentifier=urinode3
 sensorIdentifier=temperature
 value=101.0]


1713787742351|Gathered size : 16
1713787742352|ASYNC Final Query result , received at : 2024-04-22T12:09:02.351458800Z , URI : req4 : 
Gathered Sensors:--->| ↓ 
  |--- **************************
SensorDataIMP [nodeIdentifier=urinode4
 sensorIdentifier=humidity
 value=22.0]

  |--- **************************
SensorDataIMP [nodeIdentifier=urinode4
 sensorIdentifier=temperature
 value=21.0]

  |--- **************************
SensorDataIMP [nodeIdentifier=urinode2
 sensorIdentifier=humidity
 value=52.0]

  |--- **************************
SensorDataIMP [nodeIdentifier=urinode2
 sensorIdentifier=temperature
 value=51.0]

  |--- **************************
SensorDataIMP [nodeIdentifier=urinode7
 sensorIdentifier=humidity
 value=42.0]

  |--- **************************
SensorDataIMP [nodeIdentifier=urinode7
 sensorIdentifier=temperature
 value=41.0]

  |--- **************************
SensorDataIMP [nodeIdentifier=urinode10
 sensorIdentifier=humidity
 value=62.0]

  |--- **************************
SensorDataIMP [nodeIdentifier=urinode10
 sensorIdentifier=temperature
 value=61.0]

  |--- **************************
SensorDataIMP [nodeIdentifier=urinode8
 sensorIdentifier=humidity
 value=92.0]

  |--- **************************
SensorDataIMP [nodeIdentifier=urinode8
 sensorIdentifier=temperature
 value=91.0]

  |--- **************************
SensorDataIMP [nodeIdentifier=urinode13
 sensorIdentifier=humidity
 value=82.0]

  |--- **************************
SensorDataIMP [nodeIdentifier=urinode13
 sensorIdentifier=temperature
 value=81.0]

  |--- **************************
SensorDataIMP [nodeIdentifier=urinode5
 sensorIdentifier=humidity
 value=72.0]

  |--- **************************
SensorDataIMP [nodeIdentifier=urinode5
 sensorIdentifier=temperature
 value=71.0]

  |--- **************************
SensorDataIMP [nodeIdentifier=urinode3
 sensorIdentifier=humidity
 value=102.0]

  |--- **************************
SensorDataIMP [nodeIdentifier=urinode3
 sensorIdentifier=temperature
 value=101.0]


1713787742849|Gathered size : 26
1713787742849|Gathered size : 16
1713787742850|ASYNC Final Query result , received at : 2024-04-22T12:09:02.850799600Z , URI : req8 : 
Gathered Sensors:--->| ↓ 
  |--- **************************
SensorDataIMP [nodeIdentifier=urinode4
 sensorIdentifier=humidity
 value=22.0]

  |--- **************************
SensorDataIMP [nodeIdentifier=urinode4
 sensorIdentifier=temperature
 value=21.0]

  |--- **************************
SensorDataIMP [nodeIdentifier=urinode2
 sensorIdentifier=humidity
 value=52.0]

  |--- **************************
SensorDataIMP [nodeIdentifier=urinode2
 sensorIdentifier=temperature
 value=51.0]

  |--- **************************
SensorDataIMP [nodeIdentifier=urinode5
 sensorIdentifier=humidity
 value=72.0]

  |--- **************************
SensorDataIMP [nodeIdentifier=urinode5
 sensorIdentifier=temperature
 value=71.0]

  |--- **************************
SensorDataIMP [nodeIdentifier=urinode8
 sensorIdentifier=humidity
 value=92.0]

  |--- **************************
SensorDataIMP [nodeIdentifier=urinode8
 sensorIdentifier=temperature
 value=91.0]

  |--- **************************
SensorDataIMP [nodeIdentifier=urinode7
 sensorIdentifier=humidity
 value=42.0]

  |--- **************************
SensorDataIMP [nodeIdentifier=urinode7
 sensorIdentifier=temperature
 value=41.0]

  |--- **************************
SensorDataIMP [nodeIdentifier=urinode10
 sensorIdentifier=humidity
 value=62.0]

  |--- **************************
SensorDataIMP [nodeIdentifier=urinode10
 sensorIdentifier=temperature
 value=61.0]

  |--- **************************
SensorDataIMP [nodeIdentifier=urinode13
 sensorIdentifier=humidity
 value=82.0]

  |--- **************************
SensorDataIMP [nodeIdentifier=urinode13
 sensorIdentifier=temperature
 value=81.0]

  |--- **************************
SensorDataIMP [nodeIdentifier=urinode3
 sensorIdentifier=humidity
 value=102.0]

  |--- **************************
SensorDataIMP [nodeIdentifier=urinode3
 sensorIdentifier=temperature
 value=101.0]


1713787742851|ASYNC Final Query result , received at : 2024-04-22T12:09:02.849899200Z , URI : req7 : 
Gathered Sensors:--->| ↓ 
  |--- **************************
SensorDataIMP [nodeIdentifier=urinode4
 sensorIdentifier=humidity
 value=22.0]

  |--- **************************
SensorDataIMP [nodeIdentifier=urinode4
 sensorIdentifier=temperature
 value=21.0]

  |--- **************************
SensorDataIMP [nodeIdentifier=urinode2
 sensorIdentifier=humidity
 value=52.0]

  |--- **************************
SensorDataIMP [nodeIdentifier=urinode2
 sensorIdentifier=temperature
 value=51.0]

  |--- **************************
SensorDataIMP [nodeIdentifier=urinode1
 sensorIdentifier=humidity
 value=2.0]

  |--- **************************
SensorDataIMP [nodeIdentifier=urinode1
 sensorIdentifier=temperature
 value=1.0]

  |--- **************************
SensorDataIMP [nodeIdentifier=urinode6
 sensorIdentifier=humidity
 value=122.0]

  |--- **************************
SensorDataIMP [nodeIdentifier=urinode6
 sensorIdentifier=temperature
 value=121.0]

  |--- **************************
SensorDataIMP [nodeIdentifier=urinode9
 sensorIdentifier=humidity
 value=12.0]

  |--- **************************
SensorDataIMP [nodeIdentifier=urinode9
 sensorIdentifier=temperature
 value=11.0]

  |--- **************************
SensorDataIMP [nodeIdentifier=urinode11
 sensorIdentifier=humidity
 value=112.0]

  |--- **************************
SensorDataIMP [nodeIdentifier=urinode11
 sensorIdentifier=temperature
 value=111.0]

  |--- **************************
SensorDataIMP [nodeIdentifier=urinode7
 sensorIdentifier=humidity
 value=42.0]

  |--- **************************
SensorDataIMP [nodeIdentifier=urinode7
 sensorIdentifier=temperature
 value=41.0]

  |--- **************************
SensorDataIMP [nodeIdentifier=urinode10
 sensorIdentifier=humidity
 value=62.0]

  |--- **************************
SensorDataIMP [nodeIdentifier=urinode10
 sensorIdentifier=temperature
 value=61.0]

  |--- **************************
SensorDataIMP [nodeIdentifier=urinode12
 sensorIdentifier=humidity
 value=32.0]

  |--- **************************
SensorDataIMP [nodeIdentifier=urinode12
 sensorIdentifier=temperature
 value=31.0]

  |--- **************************
SensorDataIMP [nodeIdentifier=urinode5
 sensorIdentifier=humidity
 value=72.0]

  |--- **************************
SensorDataIMP [nodeIdentifier=urinode5
 sensorIdentifier=temperature
 value=71.0]

  |--- **************************
SensorDataIMP [nodeIdentifier=urinode13
 sensorIdentifier=humidity
 value=82.0]

  |--- **************************
SensorDataIMP [nodeIdentifier=urinode13
 sensorIdentifier=temperature
 value=81.0]

  |--- **************************
SensorDataIMP [nodeIdentifier=urinode3
 sensorIdentifier=humidity
 value=102.0]

  |--- **************************
SensorDataIMP [nodeIdentifier=urinode3
 sensorIdentifier=temperature
 value=101.0]

  |--- **************************
SensorDataIMP [nodeIdentifier=urinode8
 sensorIdentifier=humidity
 value=92.0]

  |--- **************************
SensorDataIMP [nodeIdentifier=urinode8
 sensorIdentifier=temperature
 value=91.0]


