1715348319246|DCVM Cyclic Barrier up and running!
1715348321054|DCVM Cyclic Barrier accepts: registryjvm localhost 53618
1715348321055|DCVM Cyclic Barrier has received 1 out of 3 expected.
1715348325939|DCVM Cyclic Barrier accepts: clusterjvm1 localhost 53631
1715348325939|DCVM Cyclic Barrier has received 2 out of 3 expected.
1715348325957|All connected!
1715348325966|DCVM Cyclic Barrier accepts: clusterjvm2 localhost 53632
1715348325967|DCVM Cyclic Barrier has received 3 out of 3 expected.
1715348325967|DCVM Cyclic Barrier releases 3 sites.
1715348325972|DCVM Cyclic Barrier accepts: registryjvm localhost 53618
1715348325976|DCVM Cyclic Barrier has received 1 out of 3 expected.
1715348326143|DCVM Cyclic Barrier accepts: clusterjvm1 localhost 53631
1715348326143|DCVM Cyclic Barrier has received 2 out of 3 expected.
1715348326147|DCVM Cyclic Barrier accepts: clusterjvm2 localhost 53632
1715348326147|DCVM Cyclic Barrier has received 3 out of 3 expected.
1715348326147|DCVM Cyclic Barrier releases 3 sites.
1715348326358|DCVM Cyclic Barrier accepts: registryjvm localhost 53618
1715348326358|DCVM Cyclic Barrier has received 1 out of 3 expected.
1715348368532|DCVM Cyclic Barrier accepts: clusterjvm2 localhost 53632
1715348368534|DCVM Cyclic Barrier has received 2 out of 3 expected.
1715348368545|DCVM Cyclic Barrier accepts: clusterjvm1 localhost 53631
1715348368546|DCVM Cyclic Barrier has received 3 out of 3 expected.
1715348368546|DCVM Cyclic Barrier releases 3 sites.
1715348368552|DCVM Cyclic Barrier accepts: clusterjvm1 localhost 53631
1715348368552|DCVM Cyclic Barrier accepts: registryjvm localhost 53618
1715348368552|DCVM Cyclic Barrier accepts: clusterjvm2 localhost 53632
1715348368552|DCVM Cyclic Barrier has received 1 out of 3 expected.
1715348368553|DCVM Cyclic Barrier has received 2 out of 3 expected.
1715348368553|DCVM Cyclic Barrier has received 3 out of 3 expected.
1715348368553|DCVM Cyclic Barrier releases 3 sites.
1715348368556|DCVM Cyclic Barrier accepts: clusterjvm1 localhost 53631
1715348368556|DCVM Cyclic Barrier accepts: clusterjvm2 localhost 53632
1715348368557|DCVM Cyclic Barrier accepts: registryjvm localhost 53618
1715348368558|DCVM Cyclic Barrier has received 1 out of 3 expected.
1715348368560|DCVM Cyclic Barrier has received 2 out of 3 expected.
1715348368560|DCVM Cyclic Barrier has received 3 out of 3 expected.
1715348368560|DCVM Cyclic Barrier releases 3 sites.
1715348443565|DCVM Cyclic Barrier accepts: clusterjvm2 localhost 53632
1715348443565|DCVM Cyclic Barrier accepts: registryjvm localhost 53618
1715348443565|DCVM Cyclic Barrier accepts: clusterjvm1 localhost 53631
1715348443568|DCVM Cyclic Barrier has received 1 out of 3 expected.
1715348443568|DCVM Cyclic Barrier has received 2 out of 3 expected.
1715348443571|DCVM Cyclic Barrier has received 3 out of 3 expected.
1715348443571|DCVM Cyclic Barrier releases 3 sites.
1715348443577|DCVM Cyclic Barrier accepts: registryjvm localhost 53618
1715348443579|DCVM Cyclic Barrier has received 1 out of 3 expected.
1715348443585|DCVM Cyclic Barrier accepts: clusterjvm1 localhost 53631
1715348443586|DCVM Cyclic Barrier has received 2 out of 3 expected.
1715348443589|DCVM Cyclic Barrier accepts: clusterjvm2 localhost 53632
1715348443589|DCVM Cyclic Barrier has received 3 out of 3 expected.
1715348443589|DCVM Cyclic Barrier releases 3 sites.
1715348443594|DCVM Cyclic Barrier accepts: registryjvm localhost 53618
1715348443595|DCVM Cyclic Barrier has received 1 out of 3 expected.
1715348443595|DCVM Cyclic Barrier accepts: clusterjvm2 localhost 53632
1715348443596|DCVM Cyclic Barrier has received 2 out of 3 expected.
1715348443597|DCVM Cyclic Barrier accepts: clusterjvm1 localhost 53631
1715348443598|DCVM Cyclic Barrier has received 3 out of 3 expected.
1715348443598|DCVM Cyclic Barrier releases 3 sites.
1715348443603|DCVMCyclicBarrier.run() finished.
1715348443604|DCVMCyclicBarrier.run() finished.
1715348443605|DCVMCyclicBarrier.run() finished.
1715348443605|DCVM Cyclic Barrier shuts down!
