1715348319151|Global registry up and running!
1715348326317|Global registry accepted the 1th connection.
1715348326317|GlobalRegistry processing put fr.sorbonne_u.components.reflection.interfaces.ReflectionCI-9a04f7c3-2e4b-4044-a11b-daae6d773060 rmi=localhost
1715348326356|GlobalRegistry processing put registryjvm-dcc rmi=localhost
1715348347437|Global registry accepted the 2th connection.
1715348347438|GlobalRegistry processing put fr.sorbonne_u.components.reflection.interfaces.ReflectionCI-7498fee7-f060-443f-ae14-745b0481c161 rmi=localhost
1715348347440|Global registry accepted the 3th connection.
1715348347440|All (3) connected!
1715348347441|GlobalRegistry processing put fr.sorbonne_u.components.reflection.interfaces.ReflectionCI-431f1447-1eca-4f0c-9785-fc03b8388457 rmi=localhost
1715348368530|GlobalRegistry processing put clusterjvm2-dcc rmi=localhost
1715348368544|GlobalRegistry processing put clusterjvm1-dcc rmi=localhost
1715348443576|GlobalRegistry processing remove fr.sorbonne_u.components.reflection.interfaces.ReflectionCI-9a04f7c3-2e4b-4044-a11b-daae6d773060
1715348443582|GlobalRegistry processing remove fr.sorbonne_u.components.reflection.interfaces.ReflectionCI-431f1447-1eca-4f0c-9785-fc03b8388457
1715348443584|GlobalRegistry processing remove fr.sorbonne_u.components.reflection.interfaces.ReflectionCI-7498fee7-f060-443f-ae14-745b0481c161
1715348443592|GlobalRegistry processing remove registryjvm-dcc
1715348443592|GlobalRegistry processing remove clusterjvm2-dcc
1715348443594|GlobalRegistry processing remove clusterjvm1-dcc
1715348443601|GlobalRegistry processing shutdown
1715348443602|GlobalRegistry processing shutdown
1715348443602|GlobalRegistry processing shutdown
1715348443605|Global registry shuts down!
